demo_test/app/build/outputs/logs/manifest-merger-debug-report.txt
-- Merging decision tree log ---
manifest
ADDED from src/main/AndroidManifest.xml:2:1-43:12
	package
		ADDED from src/main/AndroidManifest.xml:3:5-31
		INJECTED from src/main/AndroidManifest.xml
		INJECTED from src/main/AndroidManifest.xml
	android:versionName
		INJECTED from src/main/AndroidManifest.xml
		INJECTED from src/main/AndroidManifest.xml
	xmlns:android
		ADDED from src/main/AndroidManifest.xml:2:11-69
	android:versionCode
		INJECTED from src/main/AndroidManifest.xml
		INJECTED from src/main/AndroidManifest.xml
supports-screens
ADDED from src/main/AndroidManifest.xml:5:5-10:36
	android:largeScreens
		ADDED from src/main/AndroidManifest.xml:8:9-36
	android:smallScreens
		ADDED from src/main/AndroidManifest.xml:6:9-36
	android:normalScreens
		ADDED from src/main/AndroidManifest.xml:7:9-37
	android:resizeable
		ADDED from src/main/AndroidManifest.xml:9:9-34
	android:anyDensity
		ADDED from src/main/AndroidManifest.xml:10:9-34
application
ADDED from src/main/AndroidManifest.xml:11:5-41:19
MERGED from [com.android.support:support-v4:23.1.1] AndroidManifest.xml:22:5-20
MERGED from [demo_test:pullzoom:unspecified] AndroidManifest.xml:11:5-17:19
MERGED from [com.android.support:appcompat-v7:23.1.1] AndroidManifest.xml:22:5-20
MERGED from [com.android.support:cardview-v7:23.1.1] AndroidManifest.xml:22:5-20
	android:label
		ADDED from src/main/AndroidManifest.xml:14:9-41
	android:supportsRtl
		ADDED from src/main/AndroidManifest.xml:15:9-35
	android:allowBackup
		ADDED from src/main/AndroidManifest.xml:12:9-35
	android:icon
		ADDED from src/main/AndroidManifest.xml:13:9-43
	android:theme
		ADDED from src/main/AndroidManifest.xml:17:9-40
	android:name
		ADDED from src/main/AndroidManifest.xml:16:9-43
activity#demo.zy.com.demo.MainActivity
ADDED from src/main/AndroidManifest.xml:19:9-24:20
	android:name
		ADDED from src/main/AndroidManifest.xml:19:19-47
intent-filter#android.intent.action.MAIN+android.intent.category.LAUNCHER
ADDED from src/main/AndroidManifest.xml:20:13-23:29
action#android.intent.action.MAIN
ADDED from src/main/AndroidManifest.xml:21:17-69
	android:name
		ADDED from src/main/AndroidManifest.xml:21:25-66
category#android.intent.category.LAUNCHER
ADDED from src/main/AndroidManifest.xml:22:17-77
	android:name
		ADDED from src/main/AndroidManifest.xml:22:27-74
activity#demo.zy.com.demo.test.RecycleViewCardViewActivity
ADDED from src/main/AndroidManifest.xml:26:9-69
	android:name
		ADDED from src/main/AndroidManifest.xml:26:19-67
activity#demo.zy.com.demo.test.SpecialCharactersActivity
ADDED from src/main/AndroidManifest.xml:27:9-67
	android:name
		ADDED from src/main/AndroidManifest.xml:27:19-65
activity#demo.zy.com.demo.test.MulRultViewActivity
ADDED from src/main/AndroidManifest.xml:28:9-61
	android:name
		ADDED from src/main/AndroidManifest.xml:28:19-59
activity#demo.zy.com.demo.test.TriLeftOneRightActivity
ADDED from src/main/AndroidManifest.xml:29:9-65
	android:name
		ADDED from src/main/AndroidManifest.xml:29:19-63
activity#demo.zy.com.demo.test.WebViewWidthJsActivity
ADDED from src/main/AndroidManifest.xml:30:9-64
	android:name
		ADDED from src/main/AndroidManifest.xml:30:19-62
activity#demo.zy.com.demo.test.EventTestActivity
ADDED from src/main/AndroidManifest.xml:31:9-59
	android:name
		ADDED from src/main/AndroidManifest.xml:31:19-57
activity#demo.zy.com.demo.test.MyViewDragHelperActivity
ADDED from src/main/AndroidManifest.xml:32:9-66
	android:name
		ADDED from src/main/AndroidManifest.xml:32:19-64
activity#demo.zy.com.demo.test.PullZoomListViewActivity
ADDED from src/main/AndroidManifest.xml:33:9-66
	android:name
		ADDED from src/main/AndroidManifest.xml:33:19-64
activity#demo.zy.com.demo.test.pull.MainActivity
ADDED from src/main/AndroidManifest.xml:34:9-59
	android:name
		ADDED from src/main/AndroidManifest.xml:34:19-57
activity#demo.zy.com.demo.test.pull.ZoomLayoutActivity
ADDED from src/main/AndroidManifest.xml:35:9-65
	android:name
		ADDED from src/main/AndroidManifest.xml:35:19-63
activity#demo.zy.com.demo.test.pull.ZoomListActivity
ADDED from src/main/AndroidManifest.xml:36:9-63
	android:name
		ADDED from src/main/AndroidManifest.xml:36:19-61
activity#demo.zy.com.demo.test.ListActivity
ADDED from src/main/AndroidManifest.xml:37:9-54
	android:name
		ADDED from src/main/AndroidManifest.xml:37:19-52
activity#demo.zy.com.demo.test.listview.ListActivity
ADDED from src/main/AndroidManifest.xml:38:9-63
	android:name
		ADDED from src/main/AndroidManifest.xml:38:19-61
activity#demo.zy.com.demo.test.listview.OtherActivity
ADDED from src/main/AndroidManifest.xml:39:9-64
	android:name
		ADDED from src/main/AndroidManifest.xml:39:19-62
activity#demo.zy.com.demo.test.PullZoomScrollView
ADDED from src/main/AndroidManifest.xml:40:9-60
	android:name
		ADDED from src/main/AndroidManifest.xml:40:19-58
uses-sdk
INJECTED from src/main/AndroidManifest.xml reason: use-sdk injection requested
MERGED from [com.github.ksoichiro:android-observablescrollview:1.6.0] AndroidManifest.xml:21:5-43
MERGED from [com.android.support:recyclerview-v7:23.1.1] AndroidManifest.xml:20:5-43
MERGED from [com.android.support:support-v4:23.1.1] AndroidManifest.xml:20:5-43
MERGED from [demo_test:pullzoom:unspecified] AndroidManifest.xml:7:5-9:41
MERGED from [com.android.support:appcompat-v7:23.1.1] AndroidManifest.xml:20:5-43
MERGED from [com.android.support:cardview-v7:23.1.1] AndroidManifest.xml:20:5-43
	android:targetSdkVersion
		INJECTED from src/main/AndroidManifest.xml
		INJECTED from src/main/AndroidManifest.xml
	android:minSdkVersion
		INJECTED from src/main/AndroidManifest.xml
		INJECTED from src/main/AndroidManifest.xml
activity#com.pullzoom.Pull2ScrollActivity
ADDED from [demo_test:pullzoom:unspecified] AndroidManifest.xml:15:9-69
	android:name
		ADDED from [demo_test:pullzoom:unspecified] AndroidManifest.xml:15:19-66
activity#com.pullzoom.Pull2ListViewActivity
ADDED from [demo_test:pullzoom:unspecified] AndroidManifest.xml:16:9-71
	android:name
		ADDED from [demo_test:pullzoom:unspecified] AndroidManifest.xml:16:19-68